<?xml version="1.0" encoding="UTF-8"?>
<!-- Generated by org.testng.reporters.JUnitReportReporter -->
<testsuite hostname="DESKTOP-I6BSOKI" failures="0" tests="1" name="com.test.TESTNG1SRTEST" time="13.148" errors="0" timestamp="2024-01-01T17:40:59 GMT" skipped="0">
  <testcase classname="com.test.TESTNG1SRTEST" name="test1" time="13.148"/>
</testsuite> <!-- com.test.TESTNG1SRTEST -->
