<?xml version="1.0" encoding="UTF-8"?>
<!-- Generated by org.testng.reporters.JUnitReportReporter -->
<testsuite hostname="DESKTOP-I6BSOKI" failures="0" tests="2" name="com.test.MutiTest" time="3.697" errors="0" timestamp="2024-01-01T17:40:59 GMT" skipped="0">
  <testcase classname="com.test.MutiTest" name="SelectDropDown" time="0.721"/>
  <testcase classname="com.test.MutiTest" name="AdvanceDropDown" time="2.976"/>
</testsuite> <!-- com.test.MutiTest -->
