<?xml version="1.0" encoding="UTF-8"?>
<!-- Generated by org.testng.reporters.JUnitReportReporter -->
<testsuite hostname="DESKTOP-I6BSOKI" failures="0" tests="1" name="com.test.MouseHovering" time="9.534" errors="0" timestamp="2023-12-30T08:51:26 GMT" skipped="0">
  <testcase classname="com.test.MouseHovering" name="MH" time="9.534"/>
</testsuite> <!-- com.test.MouseHovering -->
